[ 2013-11-22T10:27:25+08:00 ] 127.0.0.1 /sockvii/admin.php
INFO: [ app_begin ] --START--
INFO: ReadHtmlCache Behavior ::run [ RunTime:0.000995s ]
INFO: [ app_begin ] --END-- [ RunTime:0.001041s ]
INFO: [ view_parse ] --START--
INFO: ParseTemplate Behavior ::run [ RunTime:0.000990s ]
INFO: [ view_parse ] --END-- [ RunTime:0.001032s ]
INFO: [ view_filter ] --START--
NOTIC: [8] Use of undefined constant APP_TMPL_PATH - assumed 'APP_TMPL_PATH' /var/www/sockvii/ThinkPHP/Lib/Behavior/ContentReplaceBehavior.class.php 第 40 行.
NOTIC: [8] Use of undefined constant APP_TMPL_PATH - assumed 'APP_TMPL_PATH' /var/www/sockvii/ThinkPHP/Lib/Behavior/ContentReplaceBehavior.class.php 第 47 行.
INFO: ContentReplace Behavior ::run [ RunTime:0.000349s ]
INFO: TokenBuild Behavior ::run [ RunTime:0.000321s ]
INFO: WriteHtmlCache Behavior ::run [ RunTime:0.000257s ]
INFO: ShowRuntime Behavior ::run [ RunTime:0.000372s ]
INFO: [ view_filter ] --END-- [ RunTime:0.001386s ]
INFO: [ view_end ] --START--
INFO: ShowPageTrace Behavior ::run [ RunTime:0.000443s ]
INFO: [ view_end ] --END-- [ RunTime:0.000474s ]

[ 2013-11-22T11:24:49+08:00 ] 127.0.0.1 /sockvii/admin.php
INFO: [ app_begin ] --START--
INFO: ReadHtmlCache Behavior ::run [ RunTime:0.000220s ]
INFO: [ app_begin ] --END-- [ RunTime:0.000272s ]
NOTIC: [8] Use of undefined constant users - assumed 'users' /var/www/sockvii/sockviiadmin/Lib/Action/IndexAction.class.php 第 5 行.
SQL: SHOW COLUMNS FROM `soc_users` [ RunTime:0.000603s ]
ERR: 1146:Table 'socvii.soc_users' doesn't exist
 [ SQL语句 ] : SHOW COLUMNS FROM `soc_users`
ERR: Model:selected您所请求的方法不存在！

[ 2013-11-22T11:25:51+08:00 ] 127.0.0.1 /sockvii/admin.php
INFO: [ app_begin ] --START--
INFO: ReadHtmlCache Behavior ::run [ RunTime:0.000442s ]
INFO: [ app_begin ] --END-- [ RunTime:0.000536s ]
SQL: SHOW COLUMNS FROM `soc_users` [ RunTime:0.000514s ]
ERR: 1146:Table 'socvii.soc_users' doesn't exist
 [ SQL语句 ] : SHOW COLUMNS FROM `soc_users`
SQL: SELECT * FROM `soc_users`  [ RunTime:0.000138s ]
ERR: 1146:Table 'socvii.soc_users' doesn't exist
 [ SQL语句 ] : SELECT * FROM `soc_users` 

[ 2013-11-22T11:25:55+08:00 ] 127.0.0.1 /sockvii/admin.php
INFO: [ app_begin ] --START--
INFO: ReadHtmlCache Behavior ::run [ RunTime:0.000406s ]
INFO: [ app_begin ] --END-- [ RunTime:0.000503s ]
SQL: SHOW COLUMNS FROM `soc_users` [ RunTime:0.000314s ]
ERR: 1146:Table 'socvii.soc_users' doesn't exist
 [ SQL语句 ] : SHOW COLUMNS FROM `soc_users`
SQL: SELECT * FROM `soc_users`  [ RunTime:0.000161s ]
ERR: 1146:Table 'socvii.soc_users' doesn't exist
 [ SQL语句 ] : SELECT * FROM `soc_users` 

[ 2013-11-22T11:26:16+08:00 ] 127.0.0.1 /sockvii/admin.php
INFO: [ app_begin ] --START--
INFO: ReadHtmlCache Behavior ::run [ RunTime:0.000234s ]
INFO: [ app_begin ] --END-- [ RunTime:0.000286s ]
SQL: SHOW COLUMNS FROM `soc_users` [ RunTime:0.000539s ]
ERR: 1146:Table 'socvii.soc_users' doesn't exist
 [ SQL语句 ] : SHOW COLUMNS FROM `soc_users`
SQL: SELECT * FROM `soc_users`  [ RunTime:0.000136s ]
ERR: 1146:Table 'socvii.soc_users' doesn't exist
 [ SQL语句 ] : SELECT * FROM `soc_users` 

[ 2013-11-22T11:26:18+08:00 ] 127.0.0.1 /sockvii/admin.php
INFO: [ app_begin ] --START--
INFO: ReadHtmlCache Behavior ::run [ RunTime:0.000450s ]
INFO: [ app_begin ] --END-- [ RunTime:0.000545s ]
SQL: SHOW COLUMNS FROM `soc_users` [ RunTime:0.000387s ]
ERR: 1146:Table 'socvii.soc_users' doesn't exist
 [ SQL语句 ] : SHOW COLUMNS FROM `soc_users`
SQL: SELECT * FROM `soc_users`  [ RunTime:0.000153s ]
ERR: 1146:Table 'socvii.soc_users' doesn't exist
 [ SQL语句 ] : SELECT * FROM `soc_users` 

[ 2013-11-22T11:26:21+08:00 ] 127.0.0.1 /sockvii/admin.php
INFO: [ app_begin ] --START--
INFO: ReadHtmlCache Behavior ::run [ RunTime:0.000433s ]
INFO: [ app_begin ] --END-- [ RunTime:0.000522s ]
SQL: SHOW COLUMNS FROM `soc_users` [ RunTime:0.000998s ]
ERR: 1146:Table 'socvii.soc_users' doesn't exist
 [ SQL语句 ] : SHOW COLUMNS FROM `soc_users`
SQL: SELECT * FROM `soc_users`  [ RunTime:0.000165s ]
ERR: 1146:Table 'socvii.soc_users' doesn't exist
 [ SQL语句 ] : SELECT * FROM `soc_users` 

[ 2013-11-22T11:26:24+08:00 ] 127.0.0.1 /sockvii/admin.php
INFO: [ app_begin ] --START--
INFO: ReadHtmlCache Behavior ::run [ RunTime:0.000216s ]
INFO: [ app_begin ] --END-- [ RunTime:0.000268s ]
SQL: SHOW COLUMNS FROM `soc_users` [ RunTime:0.000284s ]
ERR: 1146:Table 'socvii.soc_users' doesn't exist
 [ SQL语句 ] : SHOW COLUMNS FROM `soc_users`
SQL: SELECT * FROM `soc_users`  [ RunTime:0.000104s ]
ERR: 1146:Table 'socvii.soc_users' doesn't exist
 [ SQL语句 ] : SELECT * FROM `soc_users` 

[ 2013-11-22T11:26:28+08:00 ] 127.0.0.1 /sockvii/admin.php
INFO: [ app_begin ] --START--
INFO: ReadHtmlCache Behavior ::run [ RunTime:0.000432s ]
INFO: [ app_begin ] --END-- [ RunTime:0.000523s ]
SQL: SHOW COLUMNS FROM `soc_users` [ RunTime:0.000494s ]
ERR: 1146:Table 'socvii.soc_users' doesn't exist
 [ SQL语句 ] : SHOW COLUMNS FROM `soc_users`
SQL: SELECT * FROM `soc_users`  [ RunTime:0.000115s ]
ERR: 1146:Table 'socvii.soc_users' doesn't exist
 [ SQL语句 ] : SELECT * FROM `soc_users` 

[ 2013-11-22T11:27:22+08:00 ] 127.0.0.1 /sockvii/admin.php
INFO: [ app_begin ] --START--
INFO: ReadHtmlCache Behavior ::run [ RunTime:0.000244s ]
INFO: [ app_begin ] --END-- [ RunTime:0.000314s ]
SQL: SHOW COLUMNS FROM `soc_user` [ RunTime:0.000968s ]
SQL: SELECT * FROM `soc_user`  [ RunTime:0.000302s ]

[ 2013-11-22T11:31:30+08:00 ] 127.0.0.1 /sockvii/admin.php
INFO: [ app_begin ] --START--
INFO: ReadHtmlCache Behavior ::run [ RunTime:0.000407s ]
INFO: [ app_begin ] --END-- [ RunTime:0.000505s ]
SQL: SHOW COLUMNS FROM `soc_user` [ RunTime:0.000484s ]
SQL: SELECT * FROM `soc_user`  [ RunTime:0.000058s ]

[ 2013-11-22T11:31:32+08:00 ] 127.0.0.1 /sockvii/admin.php
INFO: [ app_begin ] --START--
INFO: ReadHtmlCache Behavior ::run [ RunTime:0.000230s ]
INFO: [ app_begin ] --END-- [ RunTime:0.000282s ]
SQL: SHOW COLUMNS FROM `soc_user` [ RunTime:0.000658s ]
SQL: SELECT * FROM `soc_user`  [ RunTime:0.000070s ]

[ 2013-11-22T11:31:34+08:00 ] 127.0.0.1 /sockvii/admin.php
INFO: [ app_begin ] --START--
INFO: ReadHtmlCache Behavior ::run [ RunTime:0.000207s ]
INFO: [ app_begin ] --END-- [ RunTime:0.000258s ]
SQL: SHOW COLUMNS FROM `soc_user` [ RunTime:0.000425s ]
SQL: SELECT * FROM `soc_user`  [ RunTime:0.000091s ]

[ 2013-11-22T11:31:36+08:00 ] 127.0.0.1 /sockvii/admin.php
INFO: [ app_begin ] --START--
INFO: ReadHtmlCache Behavior ::run [ RunTime:0.000209s ]
INFO: [ app_begin ] --END-- [ RunTime:0.000261s ]
SQL: SHOW COLUMNS FROM `soc_user` [ RunTime:0.000388s ]
SQL: SELECT * FROM `soc_user`  [ RunTime:0.000157s ]

[ 2013-11-22T11:31:37+08:00 ] 127.0.0.1 /sockvii/admin.php
INFO: [ app_begin ] --START--
INFO: ReadHtmlCache Behavior ::run [ RunTime:0.000427s ]
INFO: [ app_begin ] --END-- [ RunTime:0.000528s ]
SQL: SHOW COLUMNS FROM `soc_user` [ RunTime:0.000476s ]
SQL: SELECT * FROM `soc_user`  [ RunTime:0.000080s ]

[ 2013-11-22T11:32:04+08:00 ] 127.0.0.1 /sockvii/admin.php/index
INFO: [ route_check ] --START--
INFO: CheckRoute Behavior ::run [ RunTime:0.025822s ]
INFO: [ route_check ] --END-- [ RunTime:0.025890s ]
INFO: [ app_begin ] --START--
INFO: ReadHtmlCache Behavior ::run [ RunTime:0.000228s ]
INFO: [ app_begin ] --END-- [ RunTime:0.000267s ]
ERR: 无法加载模块:index

[ 2013-11-22T11:32:17+08:00 ] 127.0.0.1 /sockvii/admin/index
INFO: [ route_check ] --START--
INFO: CheckRoute Behavior ::run [ RunTime:0.000339s ]
INFO: [ route_check ] --END-- [ RunTime:0.000391s ]
INFO: [ app_begin ] --START--
INFO: ReadHtmlCache Behavior ::run [ RunTime:0.000201s ]
INFO: [ app_begin ] --END-- [ RunTime:0.000237s ]
ERR: 无法加载模块:index

[ 2013-11-22T11:33:30+08:00 ] 127.0.0.1 /sockvii/admin.php
INFO: [ app_begin ] --START--
INFO: ReadHtmlCache Behavior ::run [ RunTime:0.000256s ]
INFO: [ app_begin ] --END-- [ RunTime:0.000309s ]
SQL: SHOW COLUMNS FROM `soc_user` [ RunTime:0.000407s ]
SQL: SELECT * FROM `soc_user`  [ RunTime:0.000037s ]

[ 2013-11-22T11:33:32+08:00 ] 127.0.0.1 /sockvii/admin.php
INFO: [ app_begin ] --START--
INFO: ReadHtmlCache Behavior ::run [ RunTime:0.000210s ]
INFO: [ app_begin ] --END-- [ RunTime:0.000262s ]
SQL: SHOW COLUMNS FROM `soc_user` [ RunTime:0.000407s ]
SQL: SELECT * FROM `soc_user`  [ RunTime:0.000064s ]

[ 2013-11-22T11:35:01+08:00 ] 127.0.0.1 /sockvii/admin.php
INFO: [ app_begin ] --START--
INFO: ReadHtmlCache Behavior ::run [ RunTime:0.000359s ]
INFO: [ app_begin ] --END-- [ RunTime:0.000432s ]
SQL: SHOW COLUMNS FROM `soc_user` [ RunTime:0.000467s ]
SQL: SELECT * FROM `soc_user`  [ RunTime:0.000081s ]

[ 2013-11-22T11:35:03+08:00 ] 127.0.0.1 /sockvii/admin.php
INFO: [ app_begin ] --START--
INFO: ReadHtmlCache Behavior ::run [ RunTime:0.000253s ]
INFO: [ app_begin ] --END-- [ RunTime:0.000308s ]
SQL: SHOW COLUMNS FROM `soc_user` [ RunTime:0.000483s ]
SQL: SELECT * FROM `soc_user`  [ RunTime:0.000163s ]

[ 2013-11-22T11:35:26+08:00 ] 127.0.0.1 /sockvii/admin.php
INFO: [ app_begin ] --START--
INFO: ReadHtmlCache Behavior ::run [ RunTime:0.000337s ]
INFO: [ app_begin ] --END-- [ RunTime:0.000424s ]
SQL: SHOW COLUMNS FROM `soc_user` [ RunTime:0.000740s ]
SQL: SELECT * FROM `soc_user`  [ RunTime:0.000101s ]

[ 2013-11-22T11:35:30+08:00 ] 127.0.0.1 /sockvii/admin.php
INFO: [ app_begin ] --START--
INFO: ReadHtmlCache Behavior ::run [ RunTime:0.000214s ]
INFO: [ app_begin ] --END-- [ RunTime:0.000289s ]
SQL: SHOW COLUMNS FROM `soc_user` [ RunTime:0.000436s ]
SQL: SELECT * FROM `soc_user`  [ RunTime:0.000064s ]

[ 2013-11-22T11:38:52+08:00 ] 127.0.0.1 /sockvii/admin.php
INFO: [ app_begin ] --START--
INFO: ReadHtmlCache Behavior ::run [ RunTime:0.000213s ]
INFO: [ app_begin ] --END-- [ RunTime:0.000264s ]
SQL: SHOW COLUMNS FROM `soc_user` [ RunTime:0.000413s ]
SQL: SELECT * FROM `soc_user`  [ RunTime:0.000149s ]

[ 2013-11-22T11:38:57+08:00 ] 127.0.0.1 /sockvii/admin.php/Index
INFO: [ route_check ] --START--
INFO: CheckRoute Behavior ::run [ RunTime:0.000363s ]
INFO: [ route_check ] --END-- [ RunTime:0.000427s ]
INFO: [ app_begin ] --START--
INFO: ReadHtmlCache Behavior ::run [ RunTime:0.000201s ]
INFO: [ app_begin ] --END-- [ RunTime:0.000237s ]
SQL: SHOW COLUMNS FROM `soc_user` [ RunTime:0.006587s ]
SQL: SELECT * FROM `soc_user`  [ RunTime:0.000136s ]

[ 2013-11-22T11:39:02+08:00 ] 127.0.0.1 /sockvii/admin.php/Index/index
INFO: [ route_check ] --START--
INFO: CheckRoute Behavior ::run [ RunTime:0.000340s ]
INFO: [ route_check ] --END-- [ RunTime:0.000393s ]
INFO: [ app_begin ] --START--
INFO: ReadHtmlCache Behavior ::run [ RunTime:0.000195s ]
INFO: [ app_begin ] --END-- [ RunTime:0.000230s ]
SQL: SHOW COLUMNS FROM `soc_user` [ RunTime:0.130115s ]
SQL: SELECT * FROM `soc_user`  [ RunTime:0.000104s ]

[ 2013-11-22T11:48:54+08:00 ] 127.0.0.1 /sockvii/admin.php/Index/index
INFO: [ route_check ] --START--
INFO: CheckRoute Behavior ::run [ RunTime:0.011940s ]
INFO: [ route_check ] --END-- [ RunTime:0.012020s ]
INFO: [ app_begin ] --START--
INFO: ReadHtmlCache Behavior ::run [ RunTime:0.000389s ]
INFO: [ app_begin ] --END-- [ RunTime:0.000431s ]
SQL: SHOW COLUMNS FROM `soc_user` [ RunTime:0.000464s ]
SQL: SELECT * FROM `soc_user`  [ RunTime:0.000183s ]

